# JRE version: Java(TM) SE Runtime Environment (8.0_121-b13) (build 1.8.0_121-b13)
# Java VM: Java HotSpot(TM) 64-Bit Server VM (25.121-b13 mixed mode windows-amd64 compressed oops)
Heap:
 PSYoungGen      total 252416K, used 114497K [0x000000076b300000, 0x0000000786800000, 0x00000007c0000000)
  eden space 238080K, 48% used [0x000000076b300000,0x00000007722d0678,0x0000000779b80000)
  from space 14336K, 0% used [0x0000000779b80000,0x0000000779b80000,0x000000077a980000)
  to   space 15360K, 0% used [0x0000000785900000,0x0000000785900000,0x0000000786800000)
 ParOldGen       total 118784K, used 22057K [0x00000006c1800000, 0x00000006c8c00000, 0x000000076b300000)
  object space 118784K, 18% used [0x00000006c1800000,0x00000006c2d8a6c0,0x00000006c8c00000)
 Metaspace       used 38135K, capacity 38570K, committed 38952K, reserved 1083392K
  class space    used 4734K, capacity 4840K, committed 4904K, reserved 1048576K
GC Heap History (10 events):
Event: 2.052 GC heap before
{Heap before GC invocations=5 (full 1):
 PSYoungGen      total 141824K, used 9348K [0x000000076b300000, 0x0000000774800000, 0x00000007c0000000)
  eden space 131072K, 0% used [0x000000076b300000,0x000000076b300000,0x0000000773300000)
  from space 10752K, 86% used [0x0000000773d80000,0x00000007746a1280,0x0000000774800000)
  to   space 10752K, 0% used [0x0000000773300000,0x0000000773300000,0x0000000773d80000)
 ParOldGen       total 175104K, used 2474K [0x00000006c1800000, 0x00000006cc300000, 0x000000076b300000)
  object space 175104K, 1% used [0x00000006c1800000,0x00000006c1a6a9d8,0x00000006cc300000)
 Metaspace       used 20973K, capacity 21162K, committed 21296K, reserved 1069056K
  class space    used 2599K, capacity 2648K, committed 2688K, reserved 1048576K
Event: 2.093 GC heap after
Heap after GC invocations=5 (full 1):
 PSYoungGen      total 141824K, used 0K [0x000000076b300000, 0x0000000774800000, 0x00000007c0000000)
  eden space 131072K, 0% used [0x000000076b300000,0x000000076b300000,0x0000000773300000)
  from space 10752K, 0% used [0x0000000773d80000,0x0000000773d80000,0x0000000774800000)
  to   space 10752K, 0% used [0x0000000773300000,0x0000000773300000,0x0000000773d80000)
 ParOldGen       total 85504K, used 9090K [0x00000006c1800000, 0x00000006c6b80000, 0x000000076b300000)
  object space 85504K, 10% used [0x00000006c1800000,0x00000006c20e0910,0x00000006c6b80000)
 Metaspace       used 20973K, capacity 21162K, committed 21296K, reserved 1069056K
  class space    used 2599K, capacity 2648K, committed 2688K, reserved 1048576K
}
Event: 4.049 GC heap before
{Heap before GC invocations=6 (full 1):
 PSYoungGen      total 141824K, used 131072K [0x000000076b300000, 0x0000000774800000, 0x00000007c0000000)
  eden space 131072K, 100% used [0x000000076b300000,0x0000000773300000,0x0000000773300000)
  from space 10752K, 0% used [0x0000000773d80000,0x0000000773d80000,0x0000000774800000)
  to   space 10752K, 0% used [0x0000000773300000,0x0000000773300000,0x0000000773d80000)
 ParOldGen       total 85504K, used 9090K [0x00000006c1800000, 0x00000006c6b80000, 0x000000076b300000)
  object space 85504K, 10% used [0x00000006c1800000,0x00000006c20e0910,0x00000006c6b80000)
 Metaspace       used 27426K, capacity 27772K, committed 28160K, reserved 1073152K
  class space    used 3424K, capacity 3515K, committed 3584K, reserved 1048576K
Event: 4.059 GC heap after
Heap after GC invocations=6 (full 1):
 PSYoungGen      total 141824K, used 8275K [0x000000076b300000, 0x000000077b980000, 0x00000007c0000000)
  eden space 131072K, 0% used [0x000000076b300000,0x000000076b300000,0x0000000773300000)
  from space 10752K, 76% used [0x0000000773300000,0x0000000773b14e80,0x0000000773d80000)
  to   space 13824K, 0% used [0x000000077ac00000,0x000000077ac00000,0x000000077b980000)
 ParOldGen       total 85504K, used 9098K [0x00000006c1800000, 0x00000006c6b80000, 0x000000076b300000)
  object space 85504K, 10% used [0x00000006c1800000,0x00000006c20e2910,0x00000006c6b80000)
 Metaspace       used 27426K, capacity 27772K, committed 28160K, reserved 1073152K
  class space    used 3424K, capacity 3515K, committed 3584K, reserved 1048576K
}
Event: 5.088 GC heap before
{Heap before GC invocations=7 (full 1):
 PSYoungGen      total 141824K, used 139347K [0x000000076b300000, 0x000000077b980000, 0x00000007c0000000)
  eden space 131072K, 100% used [0x000000076b300000,0x0000000773300000,0x0000000773300000)
  from space 10752K, 76% used [0x0000000773300000,0x0000000773b14e80,0x0000000773d80000)
  to   space 13824K, 0% used [0x000000077ac00000,0x000000077ac00000,0x000000077b980000)
 ParOldGen       total 85504K, used 9098K [0x00000006c1800000, 0x00000006c6b80000, 0x000000076b300000)
  object space 85504K, 10% used [0x00000006c1800000,0x00000006c20e2910,0x00000006c6b80000)
 Metaspace       used 32822K, capacity 33198K, committed 33408K, reserved 1079296K
  class space    used 4110K, capacity 4190K, committed 4224K, reserved 1048576K
Event: 5.099 GC heap after
Heap after GC invocations=7 (full 1):
 PSYoungGen      total 247808K, used 11695K [0x000000076b300000, 0x000000077b780000, 0x00000007c0000000)
  eden space 236032K, 0% used [0x000000076b300000,0x000000076b300000,0x0000000779980000)
  from space 11776K, 99% used [0x000000077ac00000,0x000000077b76bef0,0x000000077b780000)
  to   space 14336K, 0% used [0x0000000779b80000,0x0000000779b80000,0x000000077a980000)
 ParOldGen       total 85504K, used 9106K [0x00000006c1800000, 0x00000006c6b80000, 0x000000076b300000)
  object space 85504K, 10% used [0x00000006c1800000,0x00000006c20e4910,0x00000006c6b80000)
 Metaspace       used 32822K, capacity 33198K, committed 33408K, reserved 1079296K
  class space    used 4110K, capacity 4190K, committed 4224K, reserved 1048576K
}
Event: 5.818 GC heap before
{Heap before GC invocations=8 (full 1):
 PSYoungGen      total 247808K, used 122736K [0x000000076b300000, 0x000000077b780000, 0x00000007c0000000)
  eden space 236032K, 47% used [0x000000076b300000,0x0000000771f703c0,0x0000000779980000)
  from space 11776K, 99% used [0x000000077ac00000,0x000000077b76bef0,0x000000077b780000)
  to   space 14336K, 0% used [0x0000000779b80000,0x0000000779b80000,0x000000077a980000)
 ParOldGen       total 85504K, used 9106K [0x00000006c1800000, 0x00000006c6b80000, 0x000000076b300000)
  object space 85504K, 10% used [0x00000006c1800000,0x00000006c20e4910,0x00000006c6b80000)
 Metaspace       used 34935K, capacity 35302K, committed 35496K, reserved 1081344K
  class space    used 4368K, capacity 4482K, committed 4520K, reserved 1048576K
Event: 5.835 GC heap after
Heap after GC invocations=8 (full 1):
 PSYoungGen      total 252416K, used 13550K [0x000000076b300000, 0x0000000786800000, 0x00000007c0000000)
  eden space 238080K, 0% used [0x000000076b300000,0x000000076b300000,0x0000000779b80000)
  from space 14336K, 94% used [0x0000000779b80000,0x000000077a8bb8e8,0x000000077a980000)
  to   space 15360K, 0% used [0x0000000785900000,0x0000000785900000,0x0000000786800000)
 ParOldGen       total 85504K, used 9114K [0x00000006c1800000, 0x00000006c6b80000, 0x000000076b300000)
  object space 85504K, 10% used [0x00000006c1800000,0x00000006c20e6910,0x00000006c6b80000)
 Metaspace       used 34935K, capacity 35302K, committed 35496K, reserved 1081344K
  class space    used 4368K, capacity 4482K, committed 4520K, reserved 1048576K
}
Event: 5.835 GC heap before
{Heap before GC invocations=9 (full 2):
 PSYoungGen      total 252416K, used 13550K [0x000000076b300000, 0x0000000786800000, 0x00000007c0000000)
  eden space 238080K, 0% used [0x000000076b300000,0x000000076b300000,0x0000000779b80000)
  from space 14336K, 94% used [0x0000000779b80000,0x000000077a8bb8e8,0x000000077a980000)
  to   space 15360K, 0% used [0x0000000785900000,0x0000000785900000,0x0000000786800000)
 ParOldGen       total 85504K, used 9114K [0x00000006c1800000, 0x00000006c6b80000, 0x000000076b300000)
  object space 85504K, 10% used [0x00000006c1800000,0x00000006c20e6910,0x00000006c6b80000)
 Metaspace       used 34935K, capacity 35302K, committed 35496K, reserved 1081344K
  class space    used 4368K, capacity 4482K, committed 4520K, reserved 1048576K
Event: 5.960 GC heap after
Heap after GC invocations=9 (full 2):
 PSYoungGen      total 252416K, used 0K [0x000000076b300000, 0x0000000786800000, 0x00000007c0000000)
  eden space 238080K, 0% used [0x000000076b300000,0x000000076b300000,0x0000000779b80000)
  from space 14336K, 0% used [0x0000000779b80000,0x0000000779b80000,0x000000077a980000)
  to   space 15360K, 0% used [0x0000000785900000,0x0000000785900000,0x0000000786800000)
 ParOldGen       total 118784K, used 22057K [0x00000006c1800000, 0x00000006c8c00000, 0x000000076b300000)
  object space 118784K, 18% used [0x00000006c1800000,0x00000006c2d8a6c0,0x00000006c8c00000)
 Metaspace       used 34935K, capacity 35302K, committed 35496K, reserved 1081344K
  class space    used 4368K, capacity 4482K, committed 4520K, reserved 1048576K
}

